<?xml version="1.0" encoding="UTF-8"?>
<!-- Generated by org.testng.reporters.JUnitReportReporter -->
<testsuite hostname="huangxiaoshideMac-mini.local" name="com.example.myAppiumProject.AndroidAppiumTest" tests="2" failures="0" timestamp="17 Aug 2016 07:45:25 GMT" time="12.946" errors="0">
  <testcase name="apidemo" time="6.847" classname="com.example.myAppiumProject.AndroidAppiumTest"/>
  <testcase name="apidemo" time="6.099" classname="com.example.myAppiumProject.AndroidAppiumTest"/>
</testsuite> <!-- com.example.myAppiumProject.AndroidAppiumTest -->
